INFO 2025-09-25 12:07:39,507 django.utils.autoreload || Watching for file changes with StatReloader
INFO 2025-09-25 12:10:48,442 django.utils.autoreload || Watching for file changes with StatReloader
INFO 2025-09-25 12:11:57,913 django.utils.autoreload || C:\Users\NEEL\Downloads\skillswap.com\skillswap\config\settings\base.py changed, reloading.
INFO 2025-09-25 12:12:06,897 django.utils.autoreload || Watching for file changes with StatReloader
WARNING 2025-09-25 12:12:36,795 django.security.SuspiciousSession || Session data corrupted
INFO 2025-09-25 12:12:36,845 django.server || "GET / HTTP/1.1" 200 41922
INFO 2025-09-25 12:12:36,913 django.server || "GET /static/assets/css/main.css HTTP/1.1" 200 230999
INFO 2025-09-25 12:12:36,986 django.server || "GET /static/assets/js/accounts/login.js HTTP/1.1" 304 0
INFO 2025-09-25 12:12:37,004 django.server || "GET /static/assets/js/accounts/notifications.js HTTP/1.1" 304 0
INFO 2025-09-25 12:12:37,008 django.server || "GET /static/assets/js/core/head.js HTTP/1.1" 304 0
INFO 2025-09-25 12:12:37,011 django.server || "GET /static/assets/js/accounts/register.js HTTP/1.1" 304 0
INFO 2025-09-25 12:12:37,015 django.server || "GET /static/assets/js/core/header.js HTTP/1.1" 304 0
INFO 2025-09-25 12:12:37,033 django.server || "GET /static/assets/js/main.js HTTP/1.1" 304 0
INFO 2025-09-25 12:12:37,034 django.server || "GET /static/assets/js/core/index.js HTTP/1.1" 200 9208
INFO 2025-09-25 12:12:37,419 django.server || "GET /api/get-choices/ HTTP/1.1" 200 12383
WARNING 2025-09-25 12:12:37,499 django.security.SuspiciousSession || Session data corrupted
INFO 2025-09-25 12:12:37,535 django.server || "GET /api/courses/ HTTP/1.1" 200 4606
WARNING 2025-09-25 12:12:37,550 django.security.SuspiciousSession || Session data corrupted
WARNING 2025-09-25 12:12:37,586 django.request || Not Found: /media/category_skills/Technology/react.jpg
WARNING 2025-09-25 12:12:37,588 django.server || "GET /media/category_skills/Technology/react.jpg HTTP/1.1" 404 10627
INFO 2025-09-25 12:12:37,590 django.server || "GET /api/instructors/ HTTP/1.1" 200 2933
WARNING 2025-09-25 12:12:37,607 django.request || Not Found: /media/profile_images/demo11@123/profile_pic.jpg
WARNING 2025-09-25 12:12:37,609 django.server || "GET /media/profile_images/demo11%40123/profile_pic.jpg HTTP/1.1" 404 10647
WARNING 2025-09-25 12:12:37,665 django.request || Not Found: /media/profile_images/demo10@123/profile_picture.jpg
WARNING 2025-09-25 12:12:37,668 django.request || Not Found: /media/profile_images/demo9@123/profile_picture.avif
WARNING 2025-09-25 12:12:37,668 django.server || "GET /media/profile_images/demo10%40123/profile_picture.jpg HTTP/1.1" 404 10663
WARNING 2025-09-25 12:12:37,669 django.server || "GET /media/profile_images/demo9%40123/profile_picture.avif HTTP/1.1" 404 10663
WARNING 2025-09-25 12:12:38,748 django.security.SuspiciousSession || Session data corrupted
INFO 2025-09-25 12:12:38,784 django.server || "GET /courses/ HTTP/1.1" 200 26810
WARNING 2025-09-25 12:12:38,890 django.request || Not Found: /media/category_skills/Technology/java.webp
INFO 2025-09-25 12:12:38,894 django.server || "GET /static/assets/js/category_skills/courses.js HTTP/1.1" 200 4571
WARNING 2025-09-25 12:12:38,895 django.server || "GET /media/category_skills/Technology/java.webp HTTP/1.1" 404 10627
INFO 2025-09-25 12:12:39,146 django.server || "GET /api/get-choices/ HTTP/1.1" 200 12383
WARNING 2025-09-25 12:12:40,179 django.security.SuspiciousSession || Session data corrupted
INFO 2025-09-25 12:12:40,205 django.server || "GET /instructors/ HTTP/1.1" 200 35624
WARNING 2025-09-25 12:12:40,261 django.request || Not Found: /media/profile_images/demo11@123/profile_pic.jpg
WARNING 2025-09-25 12:12:40,276 django.server || "GET /media/profile_images/demo11%40123/profile_pic.jpg HTTP/1.1" 404 10647
WARNING 2025-09-25 12:12:40,292 django.request || Not Found: /media/profile_images/demo10@123/profile_picture.jpg
INFO 2025-09-25 12:12:40,293 django.server || "GET /static/assets/js/category_skills/instructor.js HTTP/1.1" 200 3450
WARNING 2025-09-25 12:12:40,296 django.request || Not Found: /media/profile_images/demo9@123/profile_picture.avif
WARNING 2025-09-25 12:12:40,296 django.server || "GET /media/profile_images/demo10%40123/profile_picture.jpg HTTP/1.1" 404 10663
WARNING 2025-09-25 12:12:40,300 django.server || "GET /media/profile_images/demo9%40123/profile_picture.avif HTTP/1.1" 404 10663
INFO 2025-09-25 12:12:40,450 django.server || "GET /api/get-choices/ HTTP/1.1" 200 12383
INFO 2025-09-25 12:12:43,733 django.server || "GET /universities/ HTTP/1.1" 200 29753
WARNING 2025-09-25 12:12:43,786 django.request || Not Found: /media/universities_icon/profile_icon.png
WARNING 2025-09-25 12:12:43,795 django.server || "GET /media/universities_icon/profile_icon.png HTTP/1.1" 404 10619
WARNING 2025-09-25 12:12:43,824 django.request || Not Found: /media/universities_icon/campus-8_91EpPro.jpg
INFO 2025-09-25 12:12:43,827 django.server || "GET /static/assets/js/university/university.js HTTP/1.1" 200 4587
WARNING 2025-09-25 12:12:43,833 django.request || Not Found: /media/universities_icon/campus-8_dBc11n4.jpg
WARNING 2025-09-25 12:12:43,834 django.server || "GET /media/universities_icon/campus-8_91EpPro.jpg HTTP/1.1" 404 10635
WARNING 2025-09-25 12:12:43,838 django.request || Not Found: /media/universities_icon/campus-8_EDYI5Sh.jpg
WARNING 2025-09-25 12:12:43,838 django.server || "GET /media/universities_icon/campus-8_dBc11n4.jpg HTTP/1.1" 404 10635
WARNING 2025-09-25 12:12:43,843 django.request || Not Found: /media/universities_icon/campus-8_svYXA5u.jpg
WARNING 2025-09-25 12:12:43,848 django.request || Not Found: /media/universities_icon/campus-8_SYQ7Z2c.jpg
WARNING 2025-09-25 12:12:43,848 django.server || "GET /media/universities_icon/campus-8_EDYI5Sh.jpg HTTP/1.1" 404 10635
WARNING 2025-09-25 12:12:43,849 django.server || "GET /media/universities_icon/campus-8_svYXA5u.jpg HTTP/1.1" 404 10635
WARNING 2025-09-25 12:12:43,850 django.server || "GET /media/universities_icon/campus-8_SYQ7Z2c.jpg HTTP/1.1" 404 10635
INFO 2025-09-25 12:12:43,949 django.server || "GET /api/get-choices/ HTTP/1.1" 200 12383
INFO 2025-09-25 12:12:46,984 django.server || "GET /universities/?categories%5B%5D=3&levels%5B%5D=all&page=1&ajax=1 HTTP/1.1" 200 8344
WARNING 2025-09-25 12:12:47,047 django.request || Not Found: /media/universities_icon/campus-8_91EpPro.jpg
WARNING 2025-09-25 12:12:47,049 django.server || "GET /media/universities_icon/campus-8_91EpPro.jpg HTTP/1.1" 404 10635
WARNING 2025-09-25 12:12:47,053 django.request || Not Found: /media/universities_icon/campus-8_NkchgYd.jpg
WARNING 2025-09-25 12:12:47,055 django.request || Not Found: /media/universities_icon/campus-8_EDYI5Sh.jpg
WARNING 2025-09-25 12:12:47,059 django.request || Not Found: /media/universities_icon/campus-8_HTSVaG6.jpg
WARNING 2025-09-25 12:12:47,061 django.request || Not Found: /media/universities_icon/campus-8_svYXA5u.jpg
WARNING 2025-09-25 12:12:47,065 django.request || Not Found: /media/universities_icon/campus-8_8O7InxI.jpg
WARNING 2025-09-25 12:12:47,067 django.server || "GET /media/universities_icon/campus-8_EDYI5Sh.jpg HTTP/1.1" 404 10635
WARNING 2025-09-25 12:12:47,067 django.server || "GET /media/universities_icon/campus-8_NkchgYd.jpg HTTP/1.1" 404 10635
WARNING 2025-09-25 12:12:47,067 django.server || "GET /media/universities_icon/campus-8_HTSVaG6.jpg HTTP/1.1" 404 10635
WARNING 2025-09-25 12:12:47,068 django.server || "GET /media/universities_icon/campus-8_svYXA5u.jpg HTTP/1.1" 404 10635
WARNING 2025-09-25 12:12:47,068 django.server || "GET /media/universities_icon/campus-8_8O7InxI.jpg HTTP/1.1" 404 10635
INFO 2025-09-25 12:12:49,897 django.server || "GET /universities/?levels%5B%5D=all&page=1&ajax=1 HTTP/1.1" 200 9397
WARNING 2025-09-25 12:12:49,954 django.request || Not Found: /media/universities_icon/profile_icon.png
WARNING 2025-09-25 12:12:49,958 django.request || Not Found: /media/universities_icon/campus-8_SYQ7Z2c.jpg
WARNING 2025-09-25 12:12:49,961 django.request || Not Found: /media/universities_icon/campus-8_EDYI5Sh.jpg
WARNING 2025-09-25 12:12:49,963 django.request || Not Found: /media/universities_icon/campus-8_dBc11n4.jpg
WARNING 2025-09-25 12:12:49,966 django.request || Not Found: /media/universities_icon/campus-8_svYXA5u.jpg
WARNING 2025-09-25 12:12:49,966 django.server || "GET /media/universities_icon/profile_icon.png HTTP/1.1" 404 10619
WARNING 2025-09-25 12:12:49,967 django.server || "GET /media/universities_icon/campus-8_SYQ7Z2c.jpg HTTP/1.1" 404 10635
WARNING 2025-09-25 12:12:49,968 django.server || "GET /media/universities_icon/campus-8_EDYI5Sh.jpg HTTP/1.1" 404 10635
WARNING 2025-09-25 12:12:49,972 django.request || Not Found: /media/universities_icon/campus-8_91EpPro.jpg
WARNING 2025-09-25 12:12:49,972 django.server || "GET /media/universities_icon/campus-8_dBc11n4.jpg HTTP/1.1" 404 10635
WARNING 2025-09-25 12:12:49,972 django.server || "GET /media/universities_icon/campus-8_svYXA5u.jpg HTTP/1.1" 404 10635
WARNING 2025-09-25 12:12:49,976 django.server || "GET /media/universities_icon/campus-8_91EpPro.jpg HTTP/1.1" 404 10635
INFO 2025-09-25 12:12:50,774 django.server || "GET /universities/?categories%5B%5D=3&levels%5B%5D=all&page=1&ajax=1 HTTP/1.1" 200 8344
WARNING 2025-09-25 12:12:50,833 django.request || Not Found: /media/universities_icon/campus-8_8O7InxI.jpg
WARNING 2025-09-25 12:12:50,835 django.server || "GET /media/universities_icon/campus-8_8O7InxI.jpg HTTP/1.1" 404 10635
WARNING 2025-09-25 12:12:50,838 django.request || Not Found: /media/universities_icon/campus-8_HTSVaG6.jpg
WARNING 2025-09-25 12:12:50,842 django.request || Not Found: /media/universities_icon/campus-8_EDYI5Sh.jpg
WARNING 2025-09-25 12:12:50,844 django.request || Not Found: /media/universities_icon/campus-8_NkchgYd.jpg
WARNING 2025-09-25 12:12:50,847 django.request || Not Found: /media/universities_icon/campus-8_91EpPro.jpg
WARNING 2025-09-25 12:12:50,850 django.request || Not Found: /media/universities_icon/campus-8_svYXA5u.jpg
WARNING 2025-09-25 12:12:50,850 django.server || "GET /media/universities_icon/campus-8_HTSVaG6.jpg HTTP/1.1" 404 10635
WARNING 2025-09-25 12:12:50,850 django.server || "GET /media/universities_icon/campus-8_EDYI5Sh.jpg HTTP/1.1" 404 10635
WARNING 2025-09-25 12:12:50,851 django.server || "GET /media/universities_icon/campus-8_NkchgYd.jpg HTTP/1.1" 404 10635
WARNING 2025-09-25 12:12:50,851 django.server || "GET /media/universities_icon/campus-8_91EpPro.jpg HTTP/1.1" 404 10635
WARNING 2025-09-25 12:12:50,852 django.server || "GET /media/universities_icon/campus-8_svYXA5u.jpg HTTP/1.1" 404 10635
INFO 2025-09-25 12:12:51,499 django.server || "GET /universities/?levels%5B%5D=all&page=1&ajax=1 HTTP/1.1" 200 9397
WARNING 2025-09-25 12:12:51,561 django.request || Not Found: /media/universities_icon/campus-8_dBc11n4.jpg
WARNING 2025-09-25 12:12:51,564 django.request || Not Found: /media/universities_icon/campus-8_EDYI5Sh.jpg
WARNING 2025-09-25 12:12:51,567 django.request || Not Found: /media/universities_icon/profile_icon.png
WARNING 2025-09-25 12:12:51,569 django.request || Not Found: /media/universities_icon/campus-8_91EpPro.jpg
WARNING 2025-09-25 12:12:51,569 django.server || "GET /media/universities_icon/campus-8_dBc11n4.jpg HTTP/1.1" 404 10635
WARNING 2025-09-25 12:12:51,573 django.request || Not Found: /media/universities_icon/campus-8_svYXA5u.jpg
WARNING 2025-09-25 12:12:51,576 django.request || Not Found: /media/universities_icon/campus-8_SYQ7Z2c.jpg
WARNING 2025-09-25 12:12:51,577 django.server || "GET /media/universities_icon/campus-8_EDYI5Sh.jpg HTTP/1.1" 404 10635
WARNING 2025-09-25 12:12:51,577 django.server || "GET /media/universities_icon/profile_icon.png HTTP/1.1" 404 10619
WARNING 2025-09-25 12:12:51,578 django.server || "GET /media/universities_icon/campus-8_91EpPro.jpg HTTP/1.1" 404 10635
WARNING 2025-09-25 12:12:51,579 django.server || "GET /media/universities_icon/campus-8_svYXA5u.jpg HTTP/1.1" 404 10635
WARNING 2025-09-25 12:12:51,579 django.server || "GET /media/universities_icon/campus-8_SYQ7Z2c.jpg HTTP/1.1" 404 10635
INFO 2025-09-25 12:12:54,583 django.server || "GET /universities/?categories%5B%5D=9&levels%5B%5D=all&page=1&ajax=1 HTTP/1.1" 200 8339
WARNING 2025-09-25 12:12:54,643 django.request || Not Found: /media/universities_icon/campus-8_EDYI5Sh.jpg
WARNING 2025-09-25 12:12:54,645 django.server || "GET /media/universities_icon/campus-8_EDYI5Sh.jpg HTTP/1.1" 404 10635
WARNING 2025-09-25 12:12:54,649 django.request || Not Found: /media/universities_icon/campus-8_8O7InxI.jpg
WARNING 2025-09-25 12:12:54,651 django.request || Not Found: /media/universities_icon/campus-8_HTSVaG6.jpg
WARNING 2025-09-25 12:12:54,654 django.request || Not Found: /media/universities_icon/campus-8_ZWPy30y.jpg
WARNING 2025-09-25 12:12:54,659 django.request || Not Found: /media/universities_icon/campus-8_dBc11n4.jpg
WARNING 2025-09-25 12:12:54,662 django.request || Not Found: /media/universities_icon/campus-8_SYQ7Z2c.jpg
WARNING 2025-09-25 12:12:54,663 django.server || "GET /media/universities_icon/campus-8_8O7InxI.jpg HTTP/1.1" 404 10635
WARNING 2025-09-25 12:12:54,663 django.server || "GET /media/universities_icon/campus-8_HTSVaG6.jpg HTTP/1.1" 404 10635
WARNING 2025-09-25 12:12:54,663 django.server || "GET /media/universities_icon/campus-8_ZWPy30y.jpg HTTP/1.1" 404 10635
WARNING 2025-09-25 12:12:54,664 django.server || "GET /media/universities_icon/campus-8_dBc11n4.jpg HTTP/1.1" 404 10635
WARNING 2025-09-25 12:12:54,664 django.server || "GET /media/universities_icon/campus-8_SYQ7Z2c.jpg HTTP/1.1" 404 10635
INFO 2025-09-25 12:12:55,950 django.server || "GET /universities/?levels%5B%5D=all&page=1&ajax=1 HTTP/1.1" 200 9397
WARNING 2025-09-25 12:12:56,008 django.request || Not Found: /media/universities_icon/campus-8_EDYI5Sh.jpg
WARNING 2025-09-25 12:12:56,011 django.request || Not Found: /media/universities_icon/profile_icon.png
WARNING 2025-09-25 12:12:56,015 django.request || Not Found: /media/universities_icon/campus-8_SYQ7Z2c.jpg
WARNING 2025-09-25 12:12:56,018 django.request || Not Found: /media/universities_icon/campus-8_91EpPro.jpg
WARNING 2025-09-25 12:12:56,021 django.request || Not Found: /media/universities_icon/campus-8_dBc11n4.jpg
WARNING 2025-09-25 12:12:56,021 django.server || "GET /media/universities_icon/profile_icon.png HTTP/1.1" 404 10619
WARNING 2025-09-25 12:12:56,022 django.server || "GET /media/universities_icon/campus-8_SYQ7Z2c.jpg HTTP/1.1" 404 10635
WARNING 2025-09-25 12:12:56,022 django.server || "GET /media/universities_icon/campus-8_EDYI5Sh.jpg HTTP/1.1" 404 10635
WARNING 2025-09-25 12:12:56,027 django.request || Not Found: /media/universities_icon/campus-8_svYXA5u.jpg
WARNING 2025-09-25 12:12:56,028 django.server || "GET /media/universities_icon/campus-8_dBc11n4.jpg HTTP/1.1" 404 10635
WARNING 2025-09-25 12:12:56,028 django.server || "GET /media/universities_icon/campus-8_91EpPro.jpg HTTP/1.1" 404 10635
WARNING 2025-09-25 12:12:56,030 django.server || "GET /media/universities_icon/campus-8_svYXA5u.jpg HTTP/1.1" 404 10635
INFO 2025-09-25 12:35:32,579 django.utils.autoreload || Watching for file changes with StatReloader
INFO 2025-09-25 12:36:01,222 django.utils.autoreload || C:\Users\NEEL\Downloads\skillswap.com\skillswap\config\settings\development.py changed, reloading.
INFO 2025-09-25 12:36:01,809 django.utils.autoreload || Watching for file changes with StatReloader
INFO 2025-09-25 12:37:14,899 django.utils.autoreload || Watching for file changes with StatReloader
WARNING 2025-09-25 12:37:17,712 django.security.SuspiciousSession || Session data corrupted
INFO 2025-09-25 12:37:17,755 django.server || "GET / HTTP/1.1" 200 41922
INFO 2025-09-25 12:37:17,814 django.server || "GET /static/assets/css/main.css HTTP/1.1" 304 0
INFO 2025-09-25 12:37:17,929 django.server || "GET /static/assets/js/core/header.js HTTP/1.1" 304 0
INFO 2025-09-25 12:37:17,946 django.server || "GET /static/assets/js/core/index.js HTTP/1.1" 304 0
INFO 2025-09-25 12:37:23,168 django.server || "GET /api/get-choices/ HTTP/1.1" 200 12383
WARNING 2025-09-25 12:37:23,258 django.security.SuspiciousSession || Session data corrupted
INFO 2025-09-25 12:37:23,345 django.server || "GET /api/instructors/ HTTP/1.1" 200 2838
WARNING 2025-09-25 12:37:23,393 django.security.SuspiciousSession || Session data corrupted
INFO 2025-09-25 12:37:23,461 django.server || "GET /api/courses/ HTTP/1.1" 200 3950
INFO 2025-09-25 12:39:24,445 django.server || "POST /register/ HTTP/1.1" 200 70
WARNING 2025-09-25 12:39:46,962 django.security.SuspiciousSession || Session data corrupted
INFO 2025-09-25 12:39:46,968 django.server || "POST /login/ HTTP/1.1" 200 17
INFO 2025-09-25 12:39:47,128 django.server || "GET / HTTP/1.1" 200 41922
INFO 2025-09-25 12:39:47,494 django.server || "GET /api/get-choices/ HTTP/1.1" 200 12383
INFO 2025-09-25 12:39:47,573 django.server || "GET /api/instructors/ HTTP/1.1" 200 2838
INFO 2025-09-25 12:39:47,642 django.server || "GET /api/courses/ HTTP/1.1" 200 4612
INFO 2025-09-25 12:41:15,553 django.server || "GET / HTTP/1.1" 200 41922
INFO 2025-09-25 12:41:15,659 django.server || "GET /static/assets/vendor/aos/aos.css HTTP/1.1" 304 0
INFO 2025-09-25 12:41:15,660 django.server || "GET /static/assets/vendor/swiper/swiper-bundle.min.css HTTP/1.1" 304 0
INFO 2025-09-25 12:41:15,666 django.server || "GET /static/assets/vendor/bootstrap-icons/bootstrap-icons.css HTTP/1.1" 200 101662
INFO 2025-09-25 12:41:15,671 django.server || "GET /static/assets/vendor/bootstrap/css/bootstrap.min.css HTTP/1.1" 200 232022
INFO 2025-09-25 12:41:15,689 django.server || "GET /static/assets/vendor/bootstrap/js/bootstrap.bundle.min.js HTTP/1.1" 200 80827
INFO 2025-09-25 12:41:15,701 django.server || "GET /static/assets/img/logo.png HTTP/1.1" 200 219823
INFO 2025-09-25 12:41:15,702 django.server || "GET /static/assets/css/main.css HTTP/1.1" 200 230999
INFO 2025-09-25 12:41:15,740 django.server || "GET /static/assets/vendor/bootstrap/js/bootstrap.bundle.min.js HTTP/1.1" 200 80827
INFO 2025-09-25 12:41:15,775 django.server || "GET /static/assets/js/accounts/login.js HTTP/1.1" 304 0
INFO 2025-09-25 12:41:16,040 django.server || "GET /static/assets/js/core/header.js HTTP/1.1" 304 0
INFO 2025-09-25 12:41:16,041 django.server || "GET /static/assets/js/accounts/notifications.js HTTP/1.1" 304 0
INFO 2025-09-25 12:41:16,042 django.server || "GET /static/assets/js/core/head.js HTTP/1.1" 304 0
INFO 2025-09-25 12:41:16,042 django.server || "GET /static/assets/js/accounts/register.js HTTP/1.1" 304 0
INFO 2025-09-25 12:41:16,045 django.server || "GET /static/assets/img/person/person-f-1.webp HTTP/1.1" 200 42530
INFO 2025-09-25 12:41:16,045 django.server || "GET /static/assets/img/education/courses-13.webp HTTP/1.1" 200 43848
INFO 2025-09-25 12:41:16,065 django.server || "GET /static/assets/vendor/aos/aos.js HTTP/1.1" 304 0
INFO 2025-09-25 12:41:16,065 django.server || "GET /static/assets/vendor/purecounter/purecounter_vanilla.js HTTP/1.1" 304 0
INFO 2025-09-25 12:41:16,065 django.server || "GET /static/assets/img/person/person-m-2.webp HTTP/1.1" 200 29676
INFO 2025-09-25 12:41:16,066 django.server || "GET /static/assets/vendor/php-email-form/validate.js HTTP/1.1" 304 0
INFO 2025-09-25 12:41:16,066 django.server || "GET /static/assets/img/person/person-f-3.webp HTTP/1.1" 304 0
INFO 2025-09-25 12:41:16,073 django.server || "GET /static/assets/js/main.js HTTP/1.1" 304 0
INFO 2025-09-25 12:41:16,086 django.server || "GET /static/assets/vendor/swiper/swiper-bundle.min.js HTTP/1.1" 200 154610
INFO 2025-09-25 12:41:16,098 django.server || "GET /static/assets/js/core/index.js HTTP/1.1" 200 9208
INFO 2025-09-25 12:41:16,116 django.server || "GET /static/assets/vendor/bootstrap-icons/fonts/bootstrap-icons.woff2?e34853135f9e39acf64315236852cd5a HTTP/1.1" 200 134044
INFO 2025-09-25 12:41:16,137 django.server || "GET /static/assets/img/person/person-m-4.webp HTTP/1.1" 304 0
INFO 2025-09-25 12:41:16,137 django.server || "GET /static/assets/img/education/courses-4.webp HTTP/1.1" 200 63014
INFO 2025-09-25 12:41:16,254 django.server || "GET /static/assets/img/bg/abstract-bg-3.webp HTTP/1.1" 200 54502
INFO 2025-09-25 12:41:16,387 django.server || "GET /static/assets/js/accounts/login.js HTTP/1.1" 304 0
INFO 2025-09-25 12:41:16,392 django.server || "GET /static/assets/js/accounts/notifications.js HTTP/1.1" 304 0
INFO 2025-09-25 12:41:16,393 django.server || "GET /static/assets/js/core/head.js HTTP/1.1" 304 0
INFO 2025-09-25 12:41:16,414 django.server || "GET /static/assets/js/accounts/register.js HTTP/1.1" 304 0
INFO 2025-09-25 12:41:16,414 django.server || "GET /static/assets/vendor/php-email-form/validate.js HTTP/1.1" 304 0
INFO 2025-09-25 12:41:16,415 django.server || "GET /static/assets/vendor/aos/aos.js HTTP/1.1" 304 0
INFO 2025-09-25 12:41:16,416 django.server || "GET /static/assets/js/core/header.js HTTP/1.1" 200 1094
INFO 2025-09-25 12:41:16,417 django.server || "GET /static/assets/js/core/index.js HTTP/1.1" 200 9208
INFO 2025-09-25 12:41:16,435 django.server || "GET /static/assets/vendor/swiper/swiper-bundle.min.js HTTP/1.1" 200 154610
INFO 2025-09-25 12:41:16,449 django.server || "GET /static/assets/js/main.js HTTP/1.1" 304 0
INFO 2025-09-25 12:41:16,449 django.server || "GET /static/assets/vendor/purecounter/purecounter_vanilla.js HTTP/1.1" 304 0
INFO 2025-09-25 12:41:16,477 django.server || "GET /api/get-choices/ HTTP/1.1" 200 12383
INFO 2025-09-25 12:41:16,545 django.server || "GET /api/instructors/ HTTP/1.1" 200 2878
INFO 2025-09-25 12:41:16,597 django.server || "GET /api/courses/ HTTP/1.1" 200 4641
INFO 2025-09-25 12:41:16,691 django.server || "GET /static/assets/img/default-avatar.webp HTTP/1.1" 304 0
INFO 2025-09-25 12:41:16,742 django.server || "GET /static/assets/img/favicon.ico HTTP/1.1" 304 0
WARNING 2025-09-25 12:41:16,768 django.request || Not Found: /media/profile_images/demo10@123/profile_picture.jpg
WARNING 2025-09-25 12:41:16,768 django.request || Not Found: /media/profile_images/demo11@123/profile_pic.jpg
WARNING 2025-09-25 12:41:16,769 django.request || Not Found: /media/profile_images/demo9@123/profile_picture.avif
WARNING 2025-09-25 12:41:16,770 django.server || "GET /media/profile_images/demo10%40123/profile_picture.jpg HTTP/1.1" 404 10665
WARNING 2025-09-25 12:41:16,770 django.server || "GET /media/profile_images/demo11%40123/profile_pic.jpg HTTP/1.1" 404 10649
WARNING 2025-09-25 12:41:16,771 django.server || "GET /media/profile_images/demo9%40123/profile_picture.avif HTTP/1.1" 404 10665
WARNING 2025-09-25 12:41:16,785 django.request || Not Found: /media/category_skills/Business/management.jpg
WARNING 2025-09-25 12:41:16,787 django.request || Not Found: /media/category_skills/Business/analytics.jpg
WARNING 2025-09-25 12:41:16,789 django.request || Not Found: /media/category_skills/Business/finance.jpg
WARNING 2025-09-25 12:41:16,792 django.server || "GET /media/category_skills/Business/management.jpg HTTP/1.1" 404 10641
WARNING 2025-09-25 12:41:16,792 django.server || "GET /media/category_skills/Business/analytics.jpg HTTP/1.1" 404 10637
WARNING 2025-09-25 12:41:16,795 django.server || "GET /media/category_skills/Business/finance.jpg HTTP/1.1" 404 10629
WARNING 2025-09-25 12:41:16,800 django.request || Not Found: /media/category_skills/Technology/java.webp
WARNING 2025-09-25 12:41:16,805 django.request || Not Found: /media/category_skills/Technology/react.jpg
WARNING 2025-09-25 12:41:16,805 django.server || "GET /media/category_skills/Technology/java.webp HTTP/1.1" 404 10629
WARNING 2025-09-25 12:41:16,810 django.server || "GET /media/category_skills/Technology/react.jpg HTTP/1.1" 404 10629
WARNING 2025-09-25 12:41:16,814 django.request || Not Found: /media/category_skills/Design/illustrator.jpg
WARNING 2025-09-25 12:41:16,815 django.server || "GET /media/category_skills/Design/illustrator.jpg HTTP/1.1" 404 10637
INFO 2025-09-25 12:41:38,153 django.server || "POST /login/ HTTP/1.1" 200 17
INFO 2025-09-25 12:41:38,340 django.server || "GET / HTTP/1.1" 200 41922
INFO 2025-09-25 12:41:39,098 django.server || "GET /api/get-choices/ HTTP/1.1" 200 12383
INFO 2025-09-25 12:41:39,177 django.server || "GET /api/instructors/ HTTP/1.1" 200 2863
INFO 2025-09-25 12:41:39,243 django.server || "GET /api/courses/ HTTP/1.1" 200 4082
WARNING 2025-09-25 12:41:39,279 django.request || Not Found: /media/profile_images/demo10@123/profile_picture.jpg
WARNING 2025-09-25 12:41:39,280 django.server || "GET /media/profile_images/demo10%40123/profile_picture.jpg HTTP/1.1" 404 10665
WARNING 2025-09-25 12:41:39,335 django.request || Not Found: /media/profile_images/demo3/image_2025_01_08T14_06_28_312Z.png
WARNING 2025-09-25 12:41:39,339 django.request || Not Found: /media/profile_images/demo11@123/profile_pic.jpg
WARNING 2025-09-25 12:41:39,340 django.server || "GET /media/profile_images/demo3/image_2025_01_08T14_06_28_312Z.png HTTP/1.1" 404 10705
WARNING 2025-09-25 12:41:39,341 django.server || "GET /media/profile_images/demo11%40123/profile_pic.jpg HTTP/1.1" 404 10649
WARNING 2025-09-25 12:41:39,382 django.request || Not Found: /media/category_skills/Design/figma.jpg
WARNING 2025-09-25 12:41:39,385 django.request || Not Found: /media/category_skills/Design/photoshop.jpg
WARNING 2025-09-25 12:41:39,389 django.request || Not Found: /media/category_skills/Technology/java.webp
WARNING 2025-09-25 12:41:39,391 django.request || Not Found: /media/category_skills/Design/ui_ux.jpg
WARNING 2025-09-25 12:41:39,391 django.server || "GET /media/category_skills/Design/figma.jpg HTTP/1.1" 404 10613
WARNING 2025-09-25 12:41:39,394 django.request || Not Found: /media/category_skills/Technology/django.jpg
WARNING 2025-09-25 12:41:39,396 django.request || Not Found: /media/category_skills/Business/management.jpg
WARNING 2025-09-25 12:41:39,396 django.server || "GET /media/category_skills/Design/photoshop.jpg HTTP/1.1" 404 10629
WARNING 2025-09-25 12:41:39,397 django.server || "GET /media/category_skills/Design/ui_ux.jpg HTTP/1.1" 404 10613
WARNING 2025-09-25 12:41:39,397 django.server || "GET /media/category_skills/Technology/java.webp HTTP/1.1" 404 10629
WARNING 2025-09-25 12:41:39,398 django.server || "GET /media/category_skills/Technology/django.jpg HTTP/1.1" 404 10633
WARNING 2025-09-25 12:41:39,399 django.server || "GET /media/category_skills/Business/management.jpg HTTP/1.1" 404 10641
INFO 2025-09-25 12:48:18,784 django.server || "POST /login/ HTTP/1.1" 200 74
